<?xml version="1.0" encoding="UTF-8"?>
<!-- Generated by org.testng.reporters.JUnitReportReporter -->
<testsuite skipped="0" hostname="DESKTOP-0C4S9DC" name="automationTesting.DataProviderTestNG" tests="2" failures="0" timestamp="03 Jun 2018 08:03:08 GMT" time="29.028" errors="0">
  <testcase name="getPageTitle" time="10.306" classname="automationTesting.DataProviderTestNG"/>
  <testcase name="useFacebook" time="18.722" classname="automationTesting.DataProviderTestNG"/>
</testsuite> <!-- automationTesting.DataProviderTestNG -->
