<?xml version="1.0" encoding="UTF-8"?>
<!-- Generated by org.testng.reporters.JUnitReportReporter -->
<testsuite skipped="0" hostname="DESKTOP-0C4S9DC" name="automationTesting.ParameterTest" tests="3" failures="0" timestamp="03 Jun 2018 07:48:48 GMT" time="83.234" errors="0">
  <testcase name="getPageTitle" time="23.917" classname="automationTesting.ParameterTest"/>
  <testcase name="login" time="41.904" classname="automationTesting.ParameterTest"/>
  <testcase name="getPageTitle" time="17.413" classname="automationTesting.ParameterTest"/>
</testsuite> <!-- automationTesting.ParameterTest -->
