<?xml version="1.0" encoding="UTF-8"?>
<!-- Generated by org.testng.reporters.JUnitReportReporter -->
<testsuite skipped="0" hostname="DESKTOP-0C4S9DC" name="automationTesting.ParamerTest" tests="1" failures="0" timestamp="30 May 2018 16:28:48 GMT" time="57.609" errors="0">
  <testcase name="login" time="57.609" classname="automationTesting.ParamerTest"/>
</testsuite> <!-- automationTesting.ParamerTest -->
