<?xml version="1.0" encoding="UTF-8"?>
<!-- Generated by org.testng.reporters.JUnitReportReporter -->
<testsuite skipped="0" hostname="DESKTOP-0C4S9DC" name="automationTesting.ToolQATest" tests="1" failures="0" timestamp="13 May 2018 23:13:48 GMT" time="26.895" errors="0">
  <testcase name="openSeleniumTutorial" time="26.895" classname="automationTesting.ToolQATest"/>
</testsuite> <!-- automationTesting.ToolQATest -->
